/python/python /lite/shell/autoanalysis.py -ftype influxdb -userid admin -q csv#admin/csv/kimyunashort_data.csv#UTF-8#ID,기술점수,예술점수,기술1,기술2 -server - -port - -uid - -pwd - -db -
/python/python /lite/shell/autoanalysis.py -ftype influxdb -userid admin -q csv#admin/csv/kimyunashort_data.csv#UTF-8#ID,기술점수,예술점수,기술1,기술2 -server - -port - -uid - -pwd - -db -
/python/python /lite/shell/autoanalysis.py -ftype influxdb -userid admin -q csv#admin/csv/kimyunashort_data.csv#UTF-8#ID,기술점수,예술점수,기술1,기술2 -server - -port - -uid - -pwd - -db -
/python/python /lite/shell/autoanalysis.py -ftype influxdb -userid admin -q rdb#select rno,url,uid,ip,wdate from `koti_accesslog` limit 10000 -server - -port - -uid - -pwd - -db -
/python/python /lite/shell/autoanalysis.py -ftype influxdb -userid admin -q rdb#select rno,url,uid,ip,wdate from \`koti_accesslog\` limit 10000 -server - -port - -uid - -pwd - -db -
/python/python /lite/shell/autoanalysis.py -ftype influxdb -userid admin -q rdb#select rno,url,uid,ip,wdate from `koti_accesslog` limit 10000 -server - -port - -uid - -pwd - -db -
/python/python /lite/shell/autoanalysis.py -ftype influxdb -userid admin -q csv#admin/csv/kimyunashort_data.csv#UTF-8#ID,기술점수,예술점수,기술1,기술2 -server - -port - -uid - -pwd - -db -
/python/python /lite/shell/autoanalysis.py -ftype influxdb -userid admin -q rdb#select rno,url,uid,ip,wdate from `koti_accesslog` limit 10000 -server - -port - -uid - -pwd - -db -
/python/python /lite/shell/autoanalysis.py -ftype influxdb -userid admin -q select "time","AMP1_(R)","AMP1_(S)","AMP1_(T)","Argon" from TS0001 where time >='2021-11-04 00:00:00' and time <='2021-11-05 23:59:59.9999' order by time limit 10000 -server onsite-monitor.xip.kr -port 8086 -uid whaleshark -pwd whaleshark -db facility
/python/python /lite/shell/autoanalysis.py -ftype influxdb -userid admin -q csv#admin/csv/TS0001.csv#UTF-8#AMP1_(R),AMP1_(S),AMP1_(T),Argon,INNER_PRESS -server - -port - -uid - -pwd - -db -
/python/python /lite/shell/autoanalysis.py -ftype influxdb -userid admin -q csv#admin/csv/kimyunashort_data.csv#UTF-8#ID,기술점수,예술점수,기술1,기술2 -server - -port - -uid - -pwd - -db -
/python/python /lite/shell/autoanalysis.py -ftype influxdb -userid admin -q rdb#select rno,url,uid,ip,wdate from \`koti_accesslog\` limit 10000 -server - -port - -uid - -pwd - -db -
/python/python /lite/shell/autoanalysis.py -ftype influxdb -userid admin -q csv#admin/csv/kimyunashort_data.csv#UTF-8#ID,기술점수,예술점수,기술1,기술2 -server - -port - -uid - -pwd - -db -
/python/python /lite/shell/autoanalysis.py -ftype influxdb -userid admin -q csv#admin/csv/시연용_CSF_labeled_data.csv#UTF-8#양불판정결과,고압사출시간(I0jectio0_Time),쿠션위치(Cushio0_Positio0),스크류최대속도(Max_Screw_RPM),최대주입압력(Max_I0jectio0_Pressure) -server - -port - -uid - -pwd - -db -
/python/python /lite/shell/autoanalysis.py -ftype influxdb -userid admin -q csv#admin/csv/TS0001.csv#UTF-8#AMP1_(R),AMP1_(S),AMP1_(T),Argon,INNER_PRESS -server - -port - -uid - -pwd - -db -
/python/python /lite/shell/autoanalysis.py -ftype influxdb -userid admin -q csv#admin/csv/kimyunashort_data.csv#UTF-8#ID,기술점수,예술점수,기술1,기술2 -server - -port - -uid - -pwd - -db -
/python/python /lite/shell/autoanalysis.py -ftype influxdb -userid admin -q csv#admin/csv/TS0001.csv#UTF-8#AMP1_(R),AMP1_(S),AMP1_(T),Argon,INNER_PRESS -server - -port - -uid - -pwd - -db -
/python/python /lite/shell/autoanalysis.py -ftype influxdb -userid admin -q rdb#select rno,url,uid,ip,wdate from \`koti_accesslog\` limit 10000 -server - -port - -uid - -pwd - -db -
/python/python /lite/shell/autoanalysis.py -ftype influxdb -userid admin -q rdb#select rno,url,uid,ip,wdate from \`koti_accesslog\` limit 10000 -server - -port - -uid - -pwd - -db -
/python/python /lite/shell/autoanalysis.py -ftype influxdb -userid admin -q csv#admin/csv/kimyunashort_data.csv#UTF-8#ID,기술점수,예술점수,기술1,기술2 -server - -port - -uid - -pwd - -db -
/python/python /lite/shell/autoanalysis.py -ftype influxdb -userid admin -q rdb#select rno,url,uid,ip,wdate from \`koti_accesslog\` limit 10000 -server - -port - -uid - -pwd - -db -
/python/python /lite/shell/autoanalysis.py -ftype influxdb -userid admin -q rdb#select rno,url,uid,ip,wdate from koti_accesslog limit 10000 -server - -port - -uid - -pwd - -db -
/python/python /lite/shell/autoanalysis.py -ftype influxdb -userid admin -q csv#admin/csv/kimyunashort_data.csv#UTF-8#ID,기술점수,예술점수,기술1,기술2 -server - -port - -uid - -pwd - -db -
/python/python /lite/shell/autoanalysis.py -ftype influxdb -userid admin -q rdb#select rno,url,uid,ip,wdate from koti_accesslog limit 10000 -server - -port - -uid - -pwd - -db -
/python/python /lite/shell/autoanalysis.py -ftype influxdb -userid admin -q csv#admin/csv/kimyunashort_data.csv#UTF-8#ID,기술점수,예술점수,기술1,기술2 -server - -port - -uid - -pwd - -db -
/python/python /lite/shell/autoanalysis.py -ftype influxdb -userid admin -q csv#admin/csv/kimyunashort_data.csv#UTF-8#ID,기술점수,예술점수,기술1,기술2 -server - -port - -uid - -pwd - -db -
/python/python /lite/shell/autoanalysis.py -ftype influxdb -userid admin -q csv#admin/csv/kimyunashort_data.csv#UTF-8#ID,기술점수,예술점수,기술1,기술2 -server - -port - -uid - -pwd - -db -
/python/python /lite/shell/autoanalysis.py -ftype influxdb -userid admin -q csv#admin/csv/kimyunashort_data.csv#UTF-8#ID,기술점수,예술점수,기술1,기술2 -server - -port - -uid - -pwd - -db -
/python/python /lite/shell/autoanalysis.py -ftype influxdb -userid admin -q csv#admin/csv/kimyunashort_data.csv#UTF-8#ID,기술점수,예술점수,기술1,기술2 -server - -port - -uid - -pwd - -db -
/python/python /lite/shell/autoanalysis.py -ftype influxdb -userid admin -q csv#admin/csv/시연용_CSF_labeled_data.csv#UTF-8#양불판정결과,고압사출시간(I0jectio0_Time),쿠션위치(Cushio0_Positio0),스크류최대속도(Max_Screw_RPM),최대주입압력(Max_I0jectio0_Pressure) -server - -port - -uid - -pwd - -db -
/python/python /lite/shell/autoanalysis.py -ftype influxdb -userid admin -q csv#admin/csv/kimyunashort_data.csv#UTF-8#ID,기술점수,예술점수,기술1,기술2 -server - -port - -uid - -pwd - -db -
/python/python /lite/shell/autoanalysis.py -ftype influxdb -userid admin -q csv#admin/csv/시연용_CSF_labeled_data.csv#UTF-8#양불판정결과,고압사출시간(I0jectio0_Time),쿠션위치(Cushio0_Positio0),스크류최대속도(Max_Screw_RPM),최대주입압력(Max_I0jectio0_Pressure) -server - -port - -uid - -pwd - -db -
/python/python /lite/shell/autoanalysis.py -ftype influxdb -userid admin -q csv#admin/csv/kimyunashort_data.csv#UTF-8#ID,기술점수,예술점수,기술1,기술2 -server - -port - -uid - -pwd - -db -
/python/python /lite/shell/autoanalysis.py -ftype influxdb -userid admin -q csv#admin/csv/kimyunashort_data.csv#UTF-8#ID,기술점수,예술점수,기술1,기술2 -server - -port - -uid - -pwd - -db -
/python/python /lite/shell/autoanalysis.py -ftype influxdb -userid admin -q csv#admin/csv/Press_RawDataSet.csv#UTF-8#idx,Machine_Name,Item_No,working_time,Press_time(ms) -server - -port - -uid - -pwd - -db -
/python/python /lite/shell/autoanalysis.py -ftype influxdb -userid admin -q csv#admin/csv/kimyunashort_data.csv#UTF-8#ID,기술점수,예술점수,기술1,기술2 -server - -port - -uid - -pwd - -db -
/python/python /lite/shell/autoanalysis.py -ftype influxdb -userid admin -q csv#admin/csv/Press_RawDataSet.csv#UTF-8#idx,Machine_Name,Item_No,working_time,Press_time(ms) -server - -port - -uid - -pwd - -db -
/python/python /lite/shell/autoanalysis.py -ftype influxdb -userid admin -q csv#admin/csv/inputdata.csv#UTF-8#"","Press_time_ms_","Pressure_1","Pressure_2","dataset_4" -server - -port - -uid - -pwd - -db -
/python/python /lite/shell/autoanalysis.py -ftype influxdb -userid admin -q csv#admin/csv/kimyunashort_data.csv#UTF-8#ID,기술점수,예술점수,기술1,기술2 -server - -port - -uid - -pwd - -db -
/python/python /lite/shell/autoanalysis.py -ftype influxdb -userid admin -q csv#admin/csv/all_new.csv#UTF-8#Year,Month,DayofMonth,DayOfWeek,DepTime -server - -port - -uid - -pwd - -db -
/python/python /lite/shell/autoanalysis.py -ftype influxdb -userid admin -q csv#admin/csv/kimyunashort_data.csv#UTF-8#ID,기술점수,예술점수,기술1,기술2 -server - -port - -uid - -pwd - -db -
/python/python /lite/shell/autoanalysis.py -ftype influxdb -userid admin -q csv#admin/csv/kimyunashort_data.csv#UTF-8#ID,기술점수,예술점수,기술1,기술2 -server - -port - -uid - -pwd - -db -
/python/python /lite/shell/autoanalysis.py -ftype influxdb -userid admin -q csv#admin/csv/inputdata.csv#UTF-8#"","Press_time_ms_","Pressure_1","Pressure_2","dataset_4" -server - -port - -uid - -pwd - -db -
/python/python /lite/shell/autoanalysis.py -ftype influxdb -userid admin -q csv#admin/csv/kimyunashort_data.csv#UTF-8#ID,기술점수,예술점수,기술1,기술2 -server - -port - -uid - -pwd - -db -
/python/python /lite/shell/autoanalysis.py -ftype influxdb -userid admin -q csv#admin/csv/kimyunashort_data.csv#UTF-8#ID,기술점수,예술점수,기술1,기술2 -server - -port - -uid - -pwd - -db -
/python/python /lite/shell/autoanalysis.py -ftype influxdb -userid admin -q csv#admin/csv/Press_RawDataSet.csv#UTF-8#idx,Machine_Name,Item_No,working_time,Press_time(ms) -server - -port - -uid - -pwd - -db -
/python/python /lite/shell/autoanalysis.py -ftype influxdb -userid admin -q csv#admin/csv/all_new.csv#UTF-8#Year,Month,DayofMonth,DayOfWeek,DepTime -server - -port - -uid - -pwd - -db -
/python/python /lite/shell/autoanalysis.py -ftype influxdb -userid admin -q rdb#select time,AMP1_(R),AMP1_(S),AMP1_(T),AMP2_(R) from rdb limit 10000 -server - -port - -uid - -pwd - -db -
/python/python /lite/shell/autoanalysis.py -ftype influxdb -userid admin -q select "time","AMP1_(R)","AMP1_(S)","AMP1_(T)","Argon" from TS0001 where time >='2021-11-24 00:00:00' and time <='2021-11-25 23:59:59.9999' order by time limit 10000 -server onsite-monitor.xip.kr -port 8086 -uid whaleshark -pwd whaleshark -db facility
/python/python /lite/shell/autoanalysis.py -ftype influxdb -userid admin -q csv#admin/csv/all_new.csv#UTF-8#Year,Month,DayofMonth,DayOfWeek,DepTime -server - -port - -uid - -pwd - -db -
/python/python /lite/shell/autoanalysis.py -ftype influxdb -userid admin -q csv#admin/csv/kimyunashort_data.csv#UTF-8#ID,기술점수,예술점수,기술1,기술2 -server - -port - -uid - -pwd - -db -
/python/python /lite/shell/autoanalysis.py -ftype influxdb -userid admin -q csv#admin/csv/kimyunashort_data.csv#UTF-8#ID,기술점수,예술점수,기술1,기술2 -server - -port - -uid - -pwd - -db -
/python/python /lite/shell/autoanalysis.py -ftype influxdb -userid admin -q csv#admin/csv/kimyunashort_data.csv#UTF-8#ID,기술점수,예술점수,기술1,기술2 -server - -port - -uid - -pwd - -db -
/python/python /lite/shell/autoanalysis.py -ftype influxdb -userid admin -q csv#admin/csv/kimyunashort_data.csv#UTF-8#ID,기술점수,예술점수,기술1,기술2 -server - -port - -uid - -pwd - -db -
/python/python /lite/shell/autoanalysis.py -ftype influxdb -userid admin -q csv#admin/csv/kimyunashort_data.csv#UTF-8#ID,기술점수,예술점수,기술1,기술2 -server - -port - -uid - -pwd - -db -
/python/python /lite/shell/autoanalysis.py -ftype influxdb -userid admin -q csv#admin/csv/kimyunashort_data.csv#UTF-8#ID,기술점수,예술점수,기술1,기술2 -server - -port - -uid - -pwd - -db -
/python/python /lite/shell/autoanalysis.py -ftype influxdb -userid admin -q csv#admin/csv/kimyunashort_data.csv#UTF-8#ID,기술점수,예술점수,기술1,기술2 -server - -port - -uid - -pwd - -db -
/python/python /lite/shell/autoanalysis.py -ftype influxdb -userid admin -q csv#admin/csv/kimyunashort_data.csv#UTF-8#ID,기술점수,예술점수,기술1,기술2 -server - -port - -uid - -pwd - -db -
/python/python /lite/shell/autoanalysis.py -ftype influxdb -userid admin -q csv#admin/csv/kimyunashort_data.csv#UTF-8#ID,기술점수,예술점수,기술1,기술2 -server - -port - -uid - -pwd - -db -
/python/python /lite/shell/autoanalysis.py -ftype influxdb -userid admin -q csv#admin/csv/Press_RawDataSet.csv#UTF-8#idx,Machine_Name,Item_No,working_time,Press_time(ms) -server - -port - -uid - -pwd - -db -
/python/python /lite/shell/autoanalysis.py -ftype influxdb -userid admin -q csv#admin/csv/kimyunashort_data.csv#UTF-8#ID,기술점수,예술점수,기술1,기술2 -server - -port - -uid - -pwd - -db -
/python/python /lite/shell/autoanalysis.py -ftype influxdb -userid admin -q csv#admin/csv/kimyunashort_data.csv#UTF-8#ID,기술점수,예술점수,기술1,기술2 -server - -port - -uid - -pwd - -db -
/python/python /lite/shell/autoanalysis.py -ftype influxdb -userid admin -q csv#admin/csv/Press_RawDataSet.csv#UTF-8#idx,Machine_Name,Item_No,working_time,Press_time(ms) -server - -port - -uid - -pwd - -db -
/python/python /lite/shell/autoanalysis.py -ftype influxdb -userid admin -q csv#admin/csv/TS0001.csv#UTF-8#AMP1_(R),AMP1_(S),AMP1_(T),Argon,INNER_PRESS -server - -port - -uid - -pwd - -db -
/python/python /lite/shell/autoanalysis.py -ftype influxdb -userid admin -q csv#admin/csv/kimyunashort_data.csv#UTF-8#ID,기술점수,예술점수,기술1,기술2 -server - -port - -uid - -pwd - -db -
/python/python /lite/shell/autoanalysis.py -ftype influxdb -userid admin -q csv#admin/csv/kimyunashort_data.csv#UTF-8#ID,기술점수,예술점수,기술1,기술2 -server - -port - -uid - -pwd - -db -
/python/python /lite/shell/autoanalysis.py -ftype influxdb -userid admin -q csv#admin/csv/시연용_CSF_labeled_data.csv#UTF-8#양불판정결과,고압사출시간(I0jectio0_Time),쿠션위치(Cushio0_Positio0),스크류최대속도(Max_Screw_RPM),최대주입압력(Max_I0jectio0_Pressure) -server - -port - -uid - -pwd - -db -
/python/python /lite/shell/autoanalysis.py -ftype influxdb -userid admin -q csv#admin/csv/Press_RawDataSet.csv#UTF-8#idx,Machine_Name,Item_No,working_time,Press_time(ms) -server - -port - -uid - -pwd - -db -
/python/python /lite/shell/autoanalysis.py -ftype influxdb -userid admin -q csv#admin/csv/inputdata.csv#UTF-8#"","Press_time_ms_","Pressure_1","Pressure_2","dataset_4" -server - -port - -uid - -pwd - -db -
/python/python /lite/shell/autoanalysis.py -ftype influxdb -userid admin -q csv#admin/csv/all_new.csv#UTF-8#Year,Month,DayofMonth,DayOfWeek,DepTime -server - -port - -uid - -pwd - -db -
/python/python /lite/shell/autoanalysis.py -ftype influxdb -userid admin -q select "Year","Month","DayofMonth","DayOfWeek","DepTime" from tsdb where time >='2021-12-12 00:00:00' and time <='2021-12-13 23:59:59.9999' order by time limit 10000 -server -port -uid -pwd -db tsdb
/python/python /lite/shell/autoanalysis.py -ftype influxdb -userid admin -q rdb#select rno,url,uid,ip,wdate from koti_accesslog limit 10000 -server - -port - -uid - -pwd - -db -
/python/python /lite/shell/autoanalysis.py -ftype influxdb -userid admin -q csv#admin/csv/kimyunashort_data.csv#UTF-8#ID,기술점수,예술점수,기술1,기술2 -server - -port - -uid - -pwd - -db -
/python/python /lite/shell/autoanalysis.py -ftype influxdb -userid admin -q csv#admin/csv/kimyunashort_data.csv#UTF-8#ID,기술점수,예술점수,기술1,기술2 -server - -port - -uid - -pwd - -db -
/python/python /lite/shell/autoanalysis.py -ftype influxdb -userid admin -q csv#admin/csv/kimyunashort_data.csv#UTF-8#ID,기술점수,예술점수,기술1,기술2 -server - -port - -uid - -pwd - -db -
/python/python /lite/shell/autoanalysis.py -ftype influxdb -userid admin -q csv#admin/csv/kimyunashort_data.csv#UTF-8#ID,기술점수,예술점수,기술1,기술2 -server - -port - -uid - -pwd - -db -
/python/python /lite/shell/autoanalysis.py -ftype influxdb -userid admin -q csv#admin/csv/kimyunashort_data.csv#UTF-8#ID,기술점수,예술점수,기술1,기술2 -server - -port - -uid - -pwd - -db -
/python/python /lite/shell/autoanalysis.py -ftype influxdb -userid admin -q csv#admin/csv/kimyunashort_data.csv#UTF-8#ID,기술점수,예술점수,기술1,기술2 -server - -port - -uid - -pwd - -db -
/python/python /lite/shell/autoanalysis.py -ftype influxdb -userid admin -q csv#admin/csv/kimyunashort_data.csv#UTF-8#ID,기술점수,예술점수,기술1,기술2 -server - -port - -uid - -pwd - -db -
/python/python /lite/shell/autoanalysis.py -ftype influxdb -userid admin -q csv#admin/csv/kimyunashort_data.csv#UTF-8#ID,기술점수,예술점수,기술1,기술2 -server - -port - -uid - -pwd - -db -
/python/python /lite/shell/autoanalysis.py -ftype influxdb -userid admin -q csv#admin/csv/kimyunashort_data.csv#UTF-8#ID,기술점수,예술점수,기술1,기술2 -server - -port - -uid - -pwd - -db -
/python/python /lite/shell/autoanalysis.py -ftype influxdb -userid admin -q csv#admin/csv/kimyunashort_data.csv#UTF-8#ID,기술점수,예술점수,기술1,기술2 -server - -port - -uid - -pwd - -db -
/python/python /lite/shell/autoanalysis.py -ftype influxdb -userid admin -q csv#admin/csv/kimyunashort_data.csv#UTF-8#ID,기술점수,예술점수,기술1,기술2 -server - -port - -uid - -pwd - -db -
/python/python /lite/shell/autoanalysis.py -ftype influxdb -userid admin -q select "" from TS0001 where time >='2022-04-27 00:00:00' and time <='2022-04-28 23:59:59.9999' order by time limit 10000 -server onsite-monitor.xip.kr -port 8086 -uid whaleshark -pwd whaleshark -db facility
python3 autoanalysis.py -ftype influxdb -userid krmin -q csv#krmin/csv/donut.csv#UTF-8#기온,도너츠판매량,습도,냉음료판매량 -server - -port - -uid - -pwd - -db -
python3 autoanalysis.py -ftype influxdb -userid krmin -q csv#krmin/csv/donut.csv#UTF-8#기온,도너츠판매량,습도,냉음료판매량 -server - -port - -uid - -pwd - -db -
python3 autoanalysis.py -ftype influxdb -userid krmin -q csv#krmin/csv/donut.csv#UTF-8#기온,도너츠판매량,습도,냉음료판매량 -server - -port - -uid - -pwd - -db -
python3 autoanalysis.py -ftype influxdb -userid krmin -q csv#krmin/csv/donut.csv#UTF-8#기온,도너츠판매량,습도,냉음료판매량 -server - -port - -uid - -pwd - -db -
python3 autoanalysis.py -ftype influxdb -userid krmin -q csv#krmin/csv/donut.csv#UTF-8#기온,도너츠판매량,습도,냉음료판매량 -server - -port - -uid - -pwd - -db -
python3 autoanalysis.py -ftype influxdb -userid krmin -q csv#krmin/csv/donut.csv#UTF-8#기온,도너츠판매량,습도,냉음료판매량 -server - -port - -uid - -pwd - -db -
python3 autoanalysis.py -ftype influxdb -userid krmin -q csv#krmin/csv/donut.csv#UTF-8#기온,도너츠판매량,습도,냉음료판매량 -server - -port - -uid - -pwd - -db -
python3 autoanalysis.py -ftype influxdb -userid krmin -q "csv#krmin/csv/donut.csv#UTF-8#기온,도너츠판매량,습도,냉음료판매량" -server - -port - -uid - -pwd - -db -
python3 autoanalysis.py -ftype influxdb -userid krmin -q select "time","AMP1_(R)","AMP1_(S)","AMP1_(T)","AMP2_(R)" from TK0001 where time >='2022-08-16 00:00:00' and time <='2022-08-17 23:59:59.9999' order by time limit 10000 -server whalesharklite2.datacentric.kr -port 8086 -uid whaleshark -pwd whaleshark -db facility
python3 autoanalysis.py -ftype influxdb -userid krmin -q csv#krmin/csv/donut.csv#UTF-8#기온,도너츠판매량,습도,냉음료판매량 -server - -port - -uid - -pwd - -db -
python3 autoanalysis.py -ftype influxdb -userid krmin -q csv#krmin/csv/donut.csv#UTF-8#기온,도너츠판매량,습도,냉음료판매량 -server - -port - -uid - -pwd - -db -
python3 autoanalysis.py -ftype influxdb -userid krmin -q csv#krmin/csv/donut.csv#UTF-8#기온,도너츠판매량,습도,냉음료판매량 -server - -port - -uid - -pwd - -db -
python3 autoanalysis.py -ftype influxdb -userid krmin -q csv#krmin/csv/donut.csv#UTF-8#기온,도너츠판매량,습도,냉음료판매량 -server - -port - -uid - -pwd - -db -
python3 autoanalysis.py -ftype influxdb -userid krmin -q csv#krmin/csv/donut.csv#UTF-8#기온,도너츠판매량,습도,냉음료판매량 -server - -port - -uid - -pwd - -db -
python3 autoanalysis.py -ftype influxdb -userid krmin -q csv#krmin/csv/donut.csv#UTF-8#기온,도너츠판매량,습도,냉음료판매량 -server - -port - -uid - -pwd - -db -
python3 autoanalysis.py -ftype influxdb -userid krmin -q csv#krmin/csv/donut.csv#UTF-8#기온,도너츠판매량,습도,냉음료판매량 -server - -port - -uid - -pwd - -db -
python3 autoanalysis.py -ftype influxdb -userid krmin -q csv#krmin/csv/donut.csv#UTF-8#기온,도너츠판매량,습도,냉음료판매량 -server - -port - -uid - -pwd - -db -
python3 autoanalysis.py -ftype influxdb -userid krmin -q csv#krmin/csv/donut.csv#UTF-8#기온,도너츠판매량,습도,냉음료판매량 -server - -port - -uid - -pwd - -db -
python3 autoanalysis.py -ftype influxdb -userid krmin -q csv#krmin/csv/donut.csv#UTF-8#기온,도너츠판매량,습도,냉음료판매량 -server - -port - -uid - -pwd - -db -
python3 autoanalysis.py -ftype influxdb -userid krmin -q csv#krmin/csv/donut.csv#UTF-8#기온,도너츠판매량,습도,냉음료판매량 -server - -port - -uid - -pwd - -db -
python3 autoanalysis.py -ftype influxdb -userid krmin -q csv#krmin/csv/donut.csv#UTF-8#기온,도너츠판매량,습도,냉음료판매량 -server - -port - -uid - -pwd - -db -
python3 autoanalysis.py -ftype influxdb -userid krmin -q csv#krmin/csv/donut.csv#UTF-8#기온,도너츠판매량,습도,냉음료판매량 -server - -port - -uid - -pwd - -db -
python3 autoanalysis.py -ftype influxdb -userid krmin -q csv#krmin/csv/donut.csv#UTF-8#기온,도너츠판매량,습도,냉음료판매량 -server - -port - -uid - -pwd - -db -
python3 autoanalysis.py -ftype influxdb -userid krmin -q csv#krmin/csv/donut.csv#UTF-8#기온,도너츠판매량,습도,냉음료판매량 -server - -port - -uid - -pwd - -db -
python3 autoanalysis.py -ftype influxdb -userid krmin -q csv#krmin/csv/inputdata.csv#UTF-8#Unnamed:_0,Press_time_ms_,Pressure_1,Pressure_2,dataset_4 -server - -port - -uid - -pwd - -db -
python3 autoanalysis.py -ftype influxdb -userid krmin -q csv#krmin/csv/moldset_labeled_cn7.csv#UTF-8#No,PassOrFail,Injection_Time,Filling_Time,Plasticizing_Time -server - -port - -uid - -pwd - -db -
python3 autoanalysis.py -ftype influxdb -userid krmin -q csv#krmin/csv/moldset_labeled_cn7.csv#UTF-8#No,PassOrFail,Injection_Time,Filling_Time,Plasticizing_Time -server - -port - -uid - -pwd - -db -
python3 autoanalysis.py -ftype influxdb -userid krmin -q csv#krmin/csv/Trend_20220419194244_Jeonam_JE(Jeonam Onshore)_WTG_008_pre.csv#UTF-8#Active_Power_GenPowAct_AVG,Nacelle_Position_NacPsnRdd_AVG,Rotor_Speed_SpeRot_AVG,Wind_Direction_WinDir_AVG,Wind_Speed_WinSpe_AVG -server - -port - -uid - -pwd - -db -
python3 autoanalysis.py -ftype influxdb -userid krmin -q csv#krmin/csv/moldset_labeled_cn7.csv#UTF-8#No,PassOrFail,Injection_Time,Filling_Time,Plasticizing_Time -server - -port - -uid - -pwd - -db -
python3 autoanalysis.py -ftype influxdb -userid krmin -q csv#krmin/csv/moldset_labeled_cn7.csv#UTF-8#NO,PassOrFail,Injection_Time,Filling_Time,Plasticizing_Time -server - -port - -uid - -pwd - -db -
python3 autoanalysis.py -ftype influxdb -userid krmin -q csv#krmin/csv/moldset_labeled_cn7.csv#UTF-8#NO,PassOrFail,Injection_Time,Filling_Time,Plasticizing_Time -server - -port - -uid - -pwd - -db -
python3 autoanalysis.py -ftype influxdb -userid krmin -q csv#krmin/csv/moldset_labeled_cn7.csv#UTF-8#NO,PassOrFail,Injection_Time,Filling_Time,Plasticizing_Time -server - -port - -uid - -pwd - -db -
python3 autoanalysis.py -ftype influxdb -userid krmin -q csv#krmin/csv/moldset_labeled_cn7.csv#UTF-8#NO,PassOrFail,Injection_Time,Filling_Time,Plasticizing_Time -server - -port - -uid - -pwd - -db -
python3 autoanalysis.py -ftype influxdb -userid krmin -q csv#krmin/csv/donut.csv#UTF-8#기온,도너츠판매량,습도,냉음료판매량 -server - -port - -uid - -pwd - -db -
python3 autoanalysis.py -ftype influxdb -userid krmin -q csv#krmin/csv/donut.csv#UTF-8#기온,도너츠판매량,습도,냉음료판매량 -server - -port - -uid - -pwd - -db -
python3 autoanalysis.py -ftype influxdb -userid krmin -q csv#krmin/csv/moldset_labeled_cn7.csv#UTF-8#NO,PassOrFail,Injection_Time,Filling_Time,Plasticizing_Time -server - -port - -uid - -pwd - -db -
python3 autoanalysis.py -ftype influxdb -userid krmin -q csv#krmin/csv/donut.csv#UTF-8#기온,도너츠판매량,습도,냉음료판매량 -server - -port - -uid - -pwd - -db -
python3 autoanalysis.py -ftype influxdb -userid krmin -q csv#krmin/csv/moldset_labeled_cn7.csv#UTF-8#NO,PassOrFail,Injection_Time,Filling_Time,Plasticizing_Time -server - -port - -uid - -pwd - -db -
python3 autoanalysis.py -ftype influxdb -userid krmin -q csv#krmin/csv/moldset_labeled_cn7.csv#UTF-8#NO,PassOrFail,Injection_Time,Filling_Time,Plasticizing_Time -server - -port - -uid - -pwd - -db -
python3 autoanalysis.py -ftype influxdb -userid krmin -q csv#krmin/csv/moldset_labeled_cn7.csv#UTF-8#NO,PassOrFail,Injection_Time,Filling_Time,Plasticizing_Time -server - -port - -uid - -pwd - -db -
python3 autoanalysis.py -ftype influxdb -userid krmin -q csv#krmin/csv/moldset_labeled_cn7.csv#UTF-8#NO,PassOrFail,Injection_Time,Filling_Time,Plasticizing_Time -server - -port - -uid - -pwd - -db -
python3 autoanalysis.py -ftype influxdb -userid krmin -q csv#krmin/csv/moldset_labeled_cn7.csv#UTF-8#NO,PassOrFail,Injection_Time,Filling_Time,Plasticizing_Time -server - -port - -uid - -pwd - -db -
python3 autoanalysis.py -ftype influxdb -userid krmin -q csv#krmin/csv/moldset_labeled_cn7.csv#UTF-8#NO,PassOrFail,Injection_Time,Filling_Time,Plasticizing_Time -server - -port - -uid - -pwd - -db -
python3 autoanalysis.py -ftype influxdb -userid krmin -q csv#krmin/csv/moldset_labeled_cn7.csv#UTF-8#NO,PassOrFail,Injection_Time,Filling_Time,Plasticizing_Time -server - -port - -uid - -pwd - -db -
python3 autoanalysis.py -ftype influxdb -userid krmin -q csv#krmin/csv/moldset_labeled_cn7.csv#UTF-8#NO,PassOrFail,Injection_Time,Filling_Time,Plasticizing_Time -server - -port - -uid - -pwd - -db -
python3 autoanalysis.py -ftype influxdb -userid krmin -q csv#krmin/csv/moldset_labeled_cn7.csv#UTF-8#NO,PassOrFail,Injection_Time,Filling_Time,Plasticizing_Time -server - -port - -uid - -pwd - -db -
