10/18/2021 01:52:51 PM:DEBUG:SVC
10/18/2021 01:52:51 PM:DEBUG:rbf
10/18/2021 01:52:51 PM:DEBUG:3
10/18/2021 01:52:51 PM:DEBUG:scale
10/18/2021 01:52:51 PM:DEBUG:0.0
10/18/2021 01:52:51 PM:DEBUG:1.0
10/18/2021 01:52:51 PM:DEBUG:0.1
10/18/2021 03:20:45 PM:DEBUG:SVC
10/18/2021 03:20:45 PM:DEBUG:rbf
10/18/2021 03:20:45 PM:DEBUG:3
10/18/2021 03:20:45 PM:DEBUG:scale
10/18/2021 03:20:45 PM:DEBUG:0.0
10/18/2021 03:20:45 PM:DEBUG:1.0
10/18/2021 03:20:45 PM:DEBUG:0.1
10/18/2021 03:46:26 PM:DEBUG:SVC
10/18/2021 03:46:26 PM:DEBUG:rbf
10/18/2021 03:46:26 PM:DEBUG:3
10/18/2021 03:46:26 PM:DEBUG:scale
10/18/2021 03:46:26 PM:DEBUG:0.0
10/18/2021 03:46:26 PM:DEBUG:1.0
10/18/2021 03:46:26 PM:DEBUG:0.1
10/18/2021 04:05:01 PM:DEBUG:SVC
10/18/2021 04:05:01 PM:DEBUG:rbf
10/18/2021 04:05:01 PM:DEBUG:3
10/18/2021 04:05:01 PM:DEBUG:scale
10/18/2021 04:05:01 PM:DEBUG:0.0
10/18/2021 04:05:01 PM:DEBUG:1.0
10/18/2021 04:05:01 PM:DEBUG:0.1
10/18/2021 05:29:18 PM:DEBUG:SVC
10/18/2021 05:29:18 PM:DEBUG:rbf
10/18/2021 05:29:18 PM:DEBUG:3
10/18/2021 05:29:18 PM:DEBUG:scale
10/18/2021 05:29:18 PM:DEBUG:0.0
10/18/2021 05:29:18 PM:DEBUG:1.0
10/18/2021 05:29:18 PM:DEBUG:0.1
10/18/2021 05:58:08 PM:DEBUG:SVC
10/18/2021 05:58:08 PM:DEBUG:rbf
10/18/2021 05:58:08 PM:DEBUG:3
10/18/2021 05:58:08 PM:DEBUG:scale
10/18/2021 05:58:08 PM:DEBUG:0.0
10/18/2021 05:58:08 PM:DEBUG:1.0
10/18/2021 05:58:08 PM:DEBUG:0.1
10/25/2021 02:59:14 PM:DEBUG:SVC
10/25/2021 02:59:14 PM:DEBUG:rbf
10/25/2021 02:59:14 PM:DEBUG:3
10/25/2021 02:59:14 PM:DEBUG:scale
10/25/2021 02:59:14 PM:DEBUG:0.0
10/25/2021 02:59:14 PM:DEBUG:1.0
10/25/2021 02:59:14 PM:DEBUG:0.1
10/27/2021 10:59:43 AM:DEBUG:SVC
10/27/2021 10:59:43 AM:DEBUG:rbf
10/27/2021 10:59:43 AM:DEBUG:3
10/27/2021 10:59:43 AM:DEBUG:scale
10/27/2021 10:59:43 AM:DEBUG:0.0
10/27/2021 10:59:43 AM:DEBUG:1.0
10/27/2021 10:59:43 AM:DEBUG:0.1
10/28/2021 01:19:50 PM:DEBUG:SVC
10/28/2021 01:19:50 PM:DEBUG:rbf
10/28/2021 01:19:50 PM:DEBUG:3
10/28/2021 01:19:50 PM:DEBUG:scale
10/28/2021 01:19:50 PM:DEBUG:0.0
10/28/2021 01:19:50 PM:DEBUG:1.0
10/28/2021 01:19:50 PM:DEBUG:0.1
10/29/2021 02:21:39 PM:DEBUG:SVC
10/29/2021 02:21:39 PM:DEBUG:rbf
10/29/2021 02:21:39 PM:DEBUG:3
10/29/2021 02:21:39 PM:DEBUG:scale
10/29/2021 02:21:39 PM:DEBUG:0.0
10/29/2021 02:21:39 PM:DEBUG:1.0
10/29/2021 02:21:39 PM:DEBUG:0.1
10/29/2021 02:50:51 PM:DEBUG:SVC
10/29/2021 02:50:51 PM:DEBUG:rbf
10/29/2021 02:50:51 PM:DEBUG:3
10/29/2021 02:50:51 PM:DEBUG:scale
10/29/2021 02:50:51 PM:DEBUG:0.0
10/29/2021 02:50:51 PM:DEBUG:1.0
10/29/2021 02:50:51 PM:DEBUG:0.1
10/29/2021 02:51:31 PM:DEBUG:SVC
10/29/2021 02:51:31 PM:DEBUG:rbf
10/29/2021 02:51:31 PM:DEBUG:3
10/29/2021 02:51:31 PM:DEBUG:scale
10/29/2021 02:51:31 PM:DEBUG:0.0
10/29/2021 02:51:31 PM:DEBUG:1.0
10/29/2021 02:51:31 PM:DEBUG:0.1
11/02/2021 03:02:03 PM:DEBUG:SVC
11/02/2021 03:02:03 PM:DEBUG:rbf
11/02/2021 03:02:03 PM:DEBUG:3
11/02/2021 03:02:03 PM:DEBUG:scale
11/02/2021 03:02:03 PM:DEBUG:0.0
11/02/2021 03:02:03 PM:DEBUG:1.0
11/02/2021 03:02:03 PM:DEBUG:0.1
11/02/2021 05:59:32 PM:DEBUG:SVC
11/02/2021 05:59:32 PM:DEBUG:rbf
11/02/2021 05:59:32 PM:DEBUG:3
11/02/2021 05:59:32 PM:DEBUG:scale
11/02/2021 05:59:32 PM:DEBUG:0.0
11/02/2021 05:59:32 PM:DEBUG:1.0
11/02/2021 05:59:32 PM:DEBUG:0.1
11/02/2021 06:06:00 PM:DEBUG:SVC
11/02/2021 06:06:00 PM:DEBUG:rbf
11/02/2021 06:06:00 PM:DEBUG:3
11/02/2021 06:06:00 PM:DEBUG:scale
11/02/2021 06:06:00 PM:DEBUG:0.0
11/02/2021 06:06:00 PM:DEBUG:1.0
11/02/2021 06:06:00 PM:DEBUG:0.1
11/02/2021 06:08:26 PM:DEBUG:SVC
11/02/2021 06:08:26 PM:DEBUG:rbf
11/02/2021 06:08:26 PM:DEBUG:3
11/02/2021 06:08:26 PM:DEBUG:scale
11/02/2021 06:08:26 PM:DEBUG:0.0
11/02/2021 06:08:26 PM:DEBUG:1.0
11/02/2021 06:08:26 PM:DEBUG:0.1
11/02/2021 07:32:35 PM:DEBUG:SVC
11/02/2021 07:32:35 PM:DEBUG:rbf
11/02/2021 07:32:35 PM:DEBUG:3
11/02/2021 07:32:35 PM:DEBUG:scale
11/02/2021 07:32:35 PM:DEBUG:0.0
11/02/2021 07:32:35 PM:DEBUG:1.0
11/02/2021 07:32:35 PM:DEBUG:0.1
11/03/2021 09:24:42 AM:DEBUG:SVC
11/03/2021 09:24:42 AM:DEBUG:rbf
11/03/2021 09:24:42 AM:DEBUG:3
11/03/2021 09:24:42 AM:DEBUG:scale
11/03/2021 09:24:42 AM:DEBUG:0.0
11/03/2021 09:24:42 AM:DEBUG:1.0
11/03/2021 09:24:42 AM:DEBUG:0.1
11/03/2021 09:28:17 AM:DEBUG:SVC
11/03/2021 09:28:17 AM:DEBUG:rbf
11/03/2021 09:28:17 AM:DEBUG:3
11/03/2021 09:28:17 AM:DEBUG:scale
11/03/2021 09:28:17 AM:DEBUG:0.0
11/03/2021 09:28:17 AM:DEBUG:1.0
11/03/2021 09:28:17 AM:DEBUG:0.1
11/03/2021 09:30:16 AM:DEBUG:SVC
11/03/2021 09:30:16 AM:DEBUG:rbf
11/03/2021 09:30:16 AM:DEBUG:3
11/03/2021 09:30:16 AM:DEBUG:scale
11/03/2021 09:30:16 AM:DEBUG:0.0
11/03/2021 09:30:16 AM:DEBUG:1.0
11/03/2021 09:30:16 AM:DEBUG:0.1
11/03/2021 09:56:44 AM:DEBUG:SVC
11/03/2021 09:56:44 AM:DEBUG:rbf
11/03/2021 09:56:44 AM:DEBUG:3
11/03/2021 09:56:44 AM:DEBUG:scale
11/03/2021 09:56:44 AM:DEBUG:0.0
11/03/2021 09:56:44 AM:DEBUG:1.0
11/03/2021 09:56:44 AM:DEBUG:0.1
11/03/2021 10:12:15 AM:DEBUG:SVC
11/03/2021 10:12:15 AM:DEBUG:rbf
11/03/2021 10:12:15 AM:DEBUG:3
11/03/2021 10:12:15 AM:DEBUG:scale
11/03/2021 10:12:15 AM:DEBUG:0.0
11/03/2021 10:12:15 AM:DEBUG:1.0
11/03/2021 10:12:15 AM:DEBUG:0.1
11/03/2021 10:59:16 AM:DEBUG:SVC
11/03/2021 10:59:16 AM:DEBUG:rbf
11/03/2021 10:59:16 AM:DEBUG:3
11/03/2021 10:59:16 AM:DEBUG:scale
11/03/2021 10:59:16 AM:DEBUG:0.0
11/03/2021 10:59:16 AM:DEBUG:1.0
11/03/2021 10:59:16 AM:DEBUG:0.1
11/03/2021 11:05:45 AM:DEBUG:SVC
11/03/2021 11:05:45 AM:DEBUG:rbf
11/03/2021 11:05:45 AM:DEBUG:3
11/03/2021 11:05:45 AM:DEBUG:scale
11/03/2021 11:05:45 AM:DEBUG:0.0
11/03/2021 11:05:45 AM:DEBUG:1.0
11/03/2021 11:05:45 AM:DEBUG:0.1
11/03/2021 11:19:26 AM:DEBUG:SVC
11/03/2021 11:19:26 AM:DEBUG:rbf
11/03/2021 11:19:26 AM:DEBUG:3
11/03/2021 11:19:26 AM:DEBUG:scale
11/03/2021 11:19:26 AM:DEBUG:0.0
11/03/2021 11:19:26 AM:DEBUG:1.0
11/03/2021 11:19:26 AM:DEBUG:0.1
11/03/2021 12:24:16 PM:DEBUG:SVC
11/03/2021 12:24:16 PM:DEBUG:rbf
11/03/2021 12:24:16 PM:DEBUG:3
11/03/2021 12:24:16 PM:DEBUG:scale
11/03/2021 12:24:16 PM:DEBUG:0.0
11/03/2021 12:24:16 PM:DEBUG:1.0
11/03/2021 12:24:16 PM:DEBUG:0.1
11/03/2021 01:00:26 PM:DEBUG:SVC
11/03/2021 01:00:26 PM:DEBUG:rbf
11/03/2021 01:00:26 PM:DEBUG:3
11/03/2021 01:00:26 PM:DEBUG:scale
11/03/2021 01:00:26 PM:DEBUG:0.0
11/03/2021 01:00:26 PM:DEBUG:1.0
11/03/2021 01:00:26 PM:DEBUG:0.1
11/03/2021 03:19:36 PM:DEBUG:SVC
11/03/2021 03:19:36 PM:DEBUG:rbf
11/03/2021 03:19:36 PM:DEBUG:3
11/03/2021 03:19:36 PM:DEBUG:scale
11/03/2021 03:19:36 PM:DEBUG:0.0
11/03/2021 03:19:36 PM:DEBUG:1.0
11/03/2021 03:19:36 PM:DEBUG:0.1
11/03/2021 04:08:41 PM:DEBUG:SVC
11/03/2021 04:08:41 PM:DEBUG:rbf
11/03/2021 04:08:41 PM:DEBUG:3
11/03/2021 04:08:41 PM:DEBUG:scale
11/03/2021 04:08:41 PM:DEBUG:0.0
11/03/2021 04:08:41 PM:DEBUG:1.0
11/03/2021 04:08:41 PM:DEBUG:0.1
11/04/2021 03:06:27 PM:DEBUG:SVC
11/04/2021 03:06:27 PM:DEBUG:rbf
11/04/2021 03:06:27 PM:DEBUG:3
11/04/2021 03:06:27 PM:DEBUG:scale
11/04/2021 03:06:27 PM:DEBUG:0.0
11/04/2021 03:06:27 PM:DEBUG:1.0
11/04/2021 03:06:27 PM:DEBUG:0.1
11/04/2021 05:04:06 PM:DEBUG:SVC
11/04/2021 05:04:06 PM:DEBUG:rbf
11/04/2021 05:04:06 PM:DEBUG:3
11/04/2021 05:04:06 PM:DEBUG:scale
11/04/2021 05:04:06 PM:DEBUG:0.0
11/04/2021 05:04:06 PM:DEBUG:1.0
11/04/2021 05:04:06 PM:DEBUG:0.1
11/04/2021 05:11:36 PM:DEBUG:SVC
11/04/2021 05:11:36 PM:DEBUG:rbf
11/04/2021 05:11:36 PM:DEBUG:3
11/04/2021 05:11:36 PM:DEBUG:scale
11/04/2021 05:11:36 PM:DEBUG:0.0
11/04/2021 05:11:36 PM:DEBUG:1.0
11/04/2021 05:11:36 PM:DEBUG:0.1
11/04/2021 05:12:02 PM:DEBUG:SVC
11/04/2021 05:12:02 PM:DEBUG:rbf
11/04/2021 05:12:02 PM:DEBUG:3
11/04/2021 05:12:02 PM:DEBUG:scale
11/04/2021 05:12:02 PM:DEBUG:0.0
11/04/2021 05:12:02 PM:DEBUG:1.0
11/04/2021 05:12:02 PM:DEBUG:0.1
11/04/2021 05:12:42 PM:DEBUG:SVC
11/04/2021 05:12:42 PM:DEBUG:rbf
11/04/2021 05:12:42 PM:DEBUG:3
11/04/2021 05:12:42 PM:DEBUG:scale
11/04/2021 05:12:42 PM:DEBUG:0.0
11/04/2021 05:12:42 PM:DEBUG:1.0
11/04/2021 05:12:42 PM:DEBUG:0.1
11/04/2021 05:18:28 PM:DEBUG:SVC
11/04/2021 05:18:28 PM:DEBUG:rbf
11/04/2021 05:18:28 PM:DEBUG:3
11/04/2021 05:18:28 PM:DEBUG:scale
11/04/2021 05:18:28 PM:DEBUG:0.0
11/04/2021 05:18:28 PM:DEBUG:1.0
11/04/2021 05:18:28 PM:DEBUG:0.1
11/04/2021 05:53:46 PM:DEBUG:SVC
11/04/2021 05:53:46 PM:DEBUG:rbf
11/04/2021 05:53:46 PM:DEBUG:3
11/04/2021 05:53:46 PM:DEBUG:scale
11/04/2021 05:53:46 PM:DEBUG:0.0
11/04/2021 05:53:46 PM:DEBUG:1.0
11/04/2021 05:53:46 PM:DEBUG:0.1
11/04/2021 08:02:34 PM:DEBUG:SVC
11/04/2021 08:02:34 PM:DEBUG:rbf
11/04/2021 08:02:34 PM:DEBUG:3
11/04/2021 08:02:34 PM:DEBUG:scale
11/04/2021 08:02:34 PM:DEBUG:0.0
11/04/2021 08:02:34 PM:DEBUG:1.0
11/04/2021 08:02:34 PM:DEBUG:0.1
11/05/2021 10:31:02 AM:DEBUG:SVC
11/05/2021 10:31:02 AM:DEBUG:rbf
11/05/2021 10:31:02 AM:DEBUG:3
11/05/2021 10:31:02 AM:DEBUG:scale
11/05/2021 10:31:02 AM:DEBUG:0.0
11/05/2021 10:31:02 AM:DEBUG:1.0
11/05/2021 10:31:02 AM:DEBUG:0.1
11/05/2021 10:55:10 AM:DEBUG:SVC
11/05/2021 10:55:10 AM:DEBUG:rbf
11/05/2021 10:55:10 AM:DEBUG:3
11/05/2021 10:55:10 AM:DEBUG:scale
11/05/2021 10:55:10 AM:DEBUG:0.0
11/05/2021 10:55:10 AM:DEBUG:1.0
11/05/2021 10:55:10 AM:DEBUG:0.1
11/05/2021 10:55:54 AM:DEBUG:SVC
11/05/2021 10:55:54 AM:DEBUG:rbf
11/05/2021 10:55:54 AM:DEBUG:3
11/05/2021 10:55:54 AM:DEBUG:scale
11/05/2021 10:55:54 AM:DEBUG:0.0
11/05/2021 10:55:54 AM:DEBUG:1.0
11/05/2021 10:55:54 AM:DEBUG:0.1
11/05/2021 10:57:08 AM:DEBUG:SVC
11/05/2021 10:57:08 AM:DEBUG:rbf
11/05/2021 10:57:08 AM:DEBUG:3
11/05/2021 10:57:08 AM:DEBUG:scale
11/05/2021 10:57:08 AM:DEBUG:0.0
11/05/2021 10:57:08 AM:DEBUG:1.0
11/05/2021 10:57:08 AM:DEBUG:0.1
11/05/2021 10:57:50 AM:DEBUG:SVC
11/05/2021 10:57:50 AM:DEBUG:rbf
11/05/2021 10:57:50 AM:DEBUG:3
11/05/2021 10:57:50 AM:DEBUG:scale
11/05/2021 10:57:50 AM:DEBUG:0.0
11/05/2021 10:57:50 AM:DEBUG:1.0
11/05/2021 10:57:50 AM:DEBUG:0.1
11/05/2021 11:07:57 AM:DEBUG:SVC
11/05/2021 11:07:57 AM:DEBUG:rbf
11/05/2021 11:07:57 AM:DEBUG:3
11/05/2021 11:07:57 AM:DEBUG:scale
11/05/2021 11:07:57 AM:DEBUG:0.0
11/05/2021 11:07:57 AM:DEBUG:1.0
11/05/2021 11:07:57 AM:DEBUG:0.1
11/05/2021 11:08:45 AM:DEBUG:SVC
11/05/2021 11:08:45 AM:DEBUG:rbf
11/05/2021 11:08:45 AM:DEBUG:3
11/05/2021 11:08:45 AM:DEBUG:scale
11/05/2021 11:08:45 AM:DEBUG:0.0
11/05/2021 11:08:45 AM:DEBUG:1.0
11/05/2021 11:08:45 AM:DEBUG:0.1
11/05/2021 11:31:52 AM:DEBUG:SVC
11/05/2021 11:31:52 AM:DEBUG:rbf
11/05/2021 11:31:52 AM:DEBUG:3
11/05/2021 11:31:52 AM:DEBUG:scale
11/05/2021 11:31:52 AM:DEBUG:0.0
11/05/2021 11:31:52 AM:DEBUG:1.0
11/05/2021 11:31:52 AM:DEBUG:0.1
11/05/2021 11:32:03 AM:DEBUG:SVC
11/05/2021 11:32:03 AM:DEBUG:rbf
11/05/2021 11:32:03 AM:DEBUG:3
11/05/2021 11:32:03 AM:DEBUG:scale
11/05/2021 11:32:03 AM:DEBUG:0.0
11/05/2021 11:32:03 AM:DEBUG:1.0
11/05/2021 11:32:03 AM:DEBUG:0.1
11/05/2021 11:32:10 AM:DEBUG:SVC
11/05/2021 11:32:10 AM:DEBUG:rbf
11/05/2021 11:32:10 AM:DEBUG:3
11/05/2021 11:32:10 AM:DEBUG:scale
11/05/2021 11:32:10 AM:DEBUG:0.0
11/05/2021 11:32:10 AM:DEBUG:1.0
11/05/2021 11:32:10 AM:DEBUG:0.1
11/05/2021 11:33:21 AM:DEBUG:SVC
11/05/2021 11:33:21 AM:DEBUG:rbf
11/05/2021 11:33:21 AM:DEBUG:3
11/05/2021 11:33:21 AM:DEBUG:scale
11/05/2021 11:33:21 AM:DEBUG:0.0
11/05/2021 11:33:21 AM:DEBUG:1.0
11/05/2021 11:33:21 AM:DEBUG:0.1
11/05/2021 11:37:31 AM:DEBUG:SVC
11/05/2021 11:37:31 AM:DEBUG:rbf
11/05/2021 11:37:31 AM:DEBUG:3
11/05/2021 11:37:31 AM:DEBUG:scale
11/05/2021 11:37:31 AM:DEBUG:0.0
11/05/2021 11:37:31 AM:DEBUG:1.0
11/05/2021 11:37:31 AM:DEBUG:0.1
11/05/2021 11:52:47 AM:DEBUG:SVC
11/05/2021 11:52:47 AM:DEBUG:rbf
11/05/2021 11:52:47 AM:DEBUG:3
11/05/2021 11:52:47 AM:DEBUG:scale
11/05/2021 11:52:47 AM:DEBUG:0.0
11/05/2021 11:52:47 AM:DEBUG:1.0
11/05/2021 11:52:47 AM:DEBUG:0.1
11/05/2021 11:55:31 AM:DEBUG:SVC
11/05/2021 11:55:31 AM:DEBUG:rbf
11/05/2021 11:55:31 AM:DEBUG:3
11/05/2021 11:55:31 AM:DEBUG:scale
11/05/2021 11:55:31 AM:DEBUG:0.0
11/05/2021 11:55:31 AM:DEBUG:1.0
11/05/2021 11:55:31 AM:DEBUG:0.1
11/05/2021 12:20:35 PM:DEBUG:SVC
11/05/2021 12:20:35 PM:DEBUG:rbf
11/05/2021 12:20:35 PM:DEBUG:3
11/05/2021 12:20:35 PM:DEBUG:scale
11/05/2021 12:20:35 PM:DEBUG:0.0
11/05/2021 12:20:35 PM:DEBUG:1.0
11/05/2021 12:20:35 PM:DEBUG:0.1
11/05/2021 12:21:26 PM:DEBUG:SVC
11/05/2021 12:21:26 PM:DEBUG:rbf
11/05/2021 12:21:26 PM:DEBUG:3
11/05/2021 12:21:26 PM:DEBUG:scale
11/05/2021 12:21:26 PM:DEBUG:0.0
11/05/2021 12:21:26 PM:DEBUG:1.0
11/05/2021 12:21:26 PM:DEBUG:0.1
11/05/2021 12:48:33 PM:DEBUG:SVC
11/05/2021 12:48:33 PM:DEBUG:rbf
11/05/2021 12:48:33 PM:DEBUG:3
11/05/2021 12:48:33 PM:DEBUG:scale
11/05/2021 12:48:33 PM:DEBUG:0.0
11/05/2021 12:48:33 PM:DEBUG:1.0
11/05/2021 12:48:33 PM:DEBUG:0.1
11/05/2021 01:52:37 PM:DEBUG:SVC
11/05/2021 01:52:37 PM:DEBUG:rbf
11/05/2021 01:52:37 PM:DEBUG:3
11/05/2021 01:52:37 PM:DEBUG:scale
11/05/2021 01:52:37 PM:DEBUG:0.0
11/05/2021 01:52:37 PM:DEBUG:1.0
11/05/2021 01:52:37 PM:DEBUG:0.1
11/05/2021 02:06:11 PM:DEBUG:SVC
11/05/2021 02:06:11 PM:DEBUG:rbf
11/05/2021 02:06:11 PM:DEBUG:3
11/05/2021 02:06:11 PM:DEBUG:scale
11/05/2021 02:06:11 PM:DEBUG:0.0
11/05/2021 02:06:11 PM:DEBUG:1.0
11/05/2021 02:06:11 PM:DEBUG:0.1
11/05/2021 02:09:41 PM:DEBUG:SVC
11/05/2021 02:09:41 PM:DEBUG:rbf
11/05/2021 02:09:41 PM:DEBUG:3
11/05/2021 02:09:41 PM:DEBUG:scale
11/05/2021 02:09:41 PM:DEBUG:0.0
11/05/2021 02:09:41 PM:DEBUG:1.0
11/05/2021 02:09:41 PM:DEBUG:0.1
11/05/2021 02:12:43 PM:DEBUG:SVC
11/05/2021 02:12:43 PM:DEBUG:rbf
11/05/2021 02:12:43 PM:DEBUG:3
11/05/2021 02:12:43 PM:DEBUG:scale
11/05/2021 02:12:43 PM:DEBUG:0.0
11/05/2021 02:12:43 PM:DEBUG:1.0
11/05/2021 02:12:43 PM:DEBUG:0.1
11/05/2021 02:22:38 PM:DEBUG:SVC
11/05/2021 02:22:38 PM:DEBUG:rbf
11/05/2021 02:22:38 PM:DEBUG:3
11/05/2021 02:22:38 PM:DEBUG:scale
11/05/2021 02:22:38 PM:DEBUG:0.0
11/05/2021 02:22:38 PM:DEBUG:1.0
11/05/2021 02:22:38 PM:DEBUG:0.1
11/05/2021 02:23:21 PM:DEBUG:SVC
11/05/2021 02:23:21 PM:DEBUG:rbf
11/05/2021 02:23:21 PM:DEBUG:3
11/05/2021 02:23:21 PM:DEBUG:scale
11/05/2021 02:23:21 PM:DEBUG:0.0
11/05/2021 02:23:21 PM:DEBUG:1.0
11/05/2021 02:23:21 PM:DEBUG:0.1
11/05/2021 03:22:12 PM:DEBUG:SVC
11/05/2021 03:22:12 PM:DEBUG:rbf
11/05/2021 03:22:12 PM:DEBUG:3
11/05/2021 03:22:12 PM:DEBUG:scale
11/05/2021 03:22:12 PM:DEBUG:0.0
11/05/2021 03:22:12 PM:DEBUG:1.0
11/05/2021 03:22:12 PM:DEBUG:0.1
11/06/2021 03:36:44 PM:DEBUG:SVC
11/06/2021 03:36:44 PM:DEBUG:rbf
11/06/2021 03:36:44 PM:DEBUG:3
11/06/2021 03:36:44 PM:DEBUG:scale
11/06/2021 03:36:44 PM:DEBUG:0.0
11/06/2021 03:36:44 PM:DEBUG:1.0
11/06/2021 03:36:44 PM:DEBUG:0.1
11/06/2021 03:40:26 PM:DEBUG:SVC
11/06/2021 03:40:26 PM:DEBUG:rbf
11/06/2021 03:40:26 PM:DEBUG:3
11/06/2021 03:40:26 PM:DEBUG:scale
11/06/2021 03:40:26 PM:DEBUG:0.0
11/06/2021 03:40:26 PM:DEBUG:1.0
11/06/2021 03:40:26 PM:DEBUG:0.1
11/06/2021 04:29:41 PM:DEBUG:SVC
11/06/2021 04:29:41 PM:DEBUG:rbf
11/06/2021 04:29:41 PM:DEBUG:3
11/06/2021 04:29:41 PM:DEBUG:scale
11/06/2021 04:29:41 PM:DEBUG:0.0
11/06/2021 04:29:41 PM:DEBUG:1.0
11/06/2021 04:29:41 PM:DEBUG:0.1
11/06/2021 04:44:58 PM:DEBUG:SVC
11/06/2021 04:44:58 PM:DEBUG:rbf
11/06/2021 04:44:58 PM:DEBUG:3
11/06/2021 04:44:58 PM:DEBUG:scale
11/06/2021 04:44:58 PM:DEBUG:0.0
11/06/2021 04:44:58 PM:DEBUG:1.0
11/06/2021 04:44:58 PM:DEBUG:0.1
11/08/2021 10:18:45 AM:DEBUG:SVC
11/08/2021 10:18:45 AM:DEBUG:rbf
11/08/2021 10:18:45 AM:DEBUG:3
11/08/2021 10:18:45 AM:DEBUG:scale
11/08/2021 10:18:45 AM:DEBUG:0.0
11/08/2021 10:18:45 AM:DEBUG:1.0
11/08/2021 10:18:45 AM:DEBUG:0.1
11/11/2021 01:39:20 PM:DEBUG:SVC
11/11/2021 01:39:20 PM:DEBUG:rbf
11/11/2021 01:39:20 PM:DEBUG:3
11/11/2021 01:39:20 PM:DEBUG:scale
11/11/2021 01:39:20 PM:DEBUG:0.0
11/11/2021 01:39:20 PM:DEBUG:1.0
11/11/2021 01:39:20 PM:DEBUG:0.1
11/11/2021 01:40:29 PM:DEBUG:SVC
11/11/2021 01:40:29 PM:DEBUG:rbf
11/11/2021 01:40:29 PM:DEBUG:3
11/11/2021 01:40:29 PM:DEBUG:scale
11/11/2021 01:40:29 PM:DEBUG:0.0
11/11/2021 01:40:29 PM:DEBUG:1.0
11/11/2021 01:40:29 PM:DEBUG:0.1
11/11/2021 03:52:49 PM:DEBUG:SVC
11/11/2021 03:52:49 PM:DEBUG:rbf
11/11/2021 03:52:49 PM:DEBUG:3
11/11/2021 03:52:49 PM:DEBUG:scale
11/11/2021 03:52:49 PM:DEBUG:0.0
11/11/2021 03:52:49 PM:DEBUG:1.0
11/11/2021 03:52:49 PM:DEBUG:0.1
11/16/2021 02:31:57 PM:DEBUG:SVC
11/16/2021 02:31:57 PM:DEBUG:rbf
11/16/2021 02:31:57 PM:DEBUG:3
11/16/2021 02:31:57 PM:DEBUG:scale
11/16/2021 02:31:57 PM:DEBUG:0.0
11/16/2021 02:31:57 PM:DEBUG:1.0
11/16/2021 02:31:57 PM:DEBUG:0.1
11/16/2021 02:34:04 PM:DEBUG:SVC
11/16/2021 02:34:04 PM:DEBUG:rbf
11/16/2021 02:34:04 PM:DEBUG:3
11/16/2021 02:34:04 PM:DEBUG:scale
11/16/2021 02:34:04 PM:DEBUG:0.0
11/16/2021 02:34:04 PM:DEBUG:1.0
11/16/2021 02:34:04 PM:DEBUG:0.1
11/16/2021 02:38:23 PM:DEBUG:SVC
11/16/2021 02:38:23 PM:DEBUG:rbf
11/16/2021 02:38:23 PM:DEBUG:3
11/16/2021 02:38:23 PM:DEBUG:scale
11/16/2021 02:38:23 PM:DEBUG:0.0
11/16/2021 02:38:23 PM:DEBUG:1.0
11/16/2021 02:38:23 PM:DEBUG:0.1
11/16/2021 02:47:58 PM:DEBUG:SVC
11/16/2021 02:47:58 PM:DEBUG:rbf
11/16/2021 02:47:58 PM:DEBUG:3
11/16/2021 02:47:58 PM:DEBUG:scale
11/16/2021 02:47:58 PM:DEBUG:0.0
11/16/2021 02:47:58 PM:DEBUG:1.0
11/16/2021 02:47:58 PM:DEBUG:0.1
11/19/2021 01:05:43 PM:DEBUG:SVC
11/19/2021 01:05:43 PM:DEBUG:rbf
11/19/2021 01:05:43 PM:DEBUG:3
11/19/2021 01:05:43 PM:DEBUG:scale
11/19/2021 01:05:43 PM:DEBUG:0.0
11/19/2021 01:05:43 PM:DEBUG:1.0
11/19/2021 01:05:43 PM:DEBUG:0.1
11/19/2021 03:57:57 PM:DEBUG:SVC
11/19/2021 03:57:57 PM:DEBUG:rbf
11/19/2021 03:57:57 PM:DEBUG:3
11/19/2021 03:57:57 PM:DEBUG:scale
11/19/2021 03:57:57 PM:DEBUG:0.0
11/19/2021 03:57:57 PM:DEBUG:1.0
11/19/2021 03:57:57 PM:DEBUG:0.1
11/20/2021 09:26:52 PM:DEBUG:SVC
11/20/2021 09:26:52 PM:DEBUG:rbf
11/20/2021 09:26:52 PM:DEBUG:3
11/20/2021 09:26:52 PM:DEBUG:scale
11/20/2021 09:26:52 PM:DEBUG:0.0
11/20/2021 09:26:52 PM:DEBUG:1.0
11/20/2021 09:26:52 PM:DEBUG:0.1
11/21/2021 04:12:03 PM:DEBUG:SVC
11/21/2021 04:12:03 PM:DEBUG:rbf
11/21/2021 04:12:03 PM:DEBUG:3
11/21/2021 04:12:03 PM:DEBUG:scale
11/21/2021 04:12:03 PM:DEBUG:0.0
11/21/2021 04:12:03 PM:DEBUG:1.0
11/21/2021 04:12:03 PM:DEBUG:0.1
11/22/2021 08:11:30 PM:DEBUG:SVC
11/22/2021 08:11:30 PM:DEBUG:rbf
11/22/2021 08:11:30 PM:DEBUG:3
11/22/2021 08:11:30 PM:DEBUG:scale
11/22/2021 08:11:30 PM:DEBUG:0.0
11/22/2021 08:11:30 PM:DEBUG:1.0
11/22/2021 08:11:30 PM:DEBUG:0.1
11/23/2021 03:12:55 PM:DEBUG:SVC
11/23/2021 03:12:55 PM:DEBUG:rbf
11/23/2021 03:12:55 PM:DEBUG:3
11/23/2021 03:12:55 PM:DEBUG:scale
11/23/2021 03:12:55 PM:DEBUG:0.0
11/23/2021 03:12:55 PM:DEBUG:1.0
11/23/2021 03:12:55 PM:DEBUG:0.1
11/23/2021 03:22:30 PM:DEBUG:SVC
11/23/2021 03:22:30 PM:DEBUG:rbf
11/23/2021 03:22:30 PM:DEBUG:3
11/23/2021 03:22:30 PM:DEBUG:scale
11/23/2021 03:22:30 PM:DEBUG:0.0
11/23/2021 03:22:30 PM:DEBUG:1.0
11/23/2021 03:22:30 PM:DEBUG:0.1
11/23/2021 05:14:22 PM:DEBUG:SVC
11/23/2021 05:14:22 PM:DEBUG:rbf
11/23/2021 05:14:22 PM:DEBUG:3
11/23/2021 05:14:22 PM:DEBUG:scale
11/23/2021 05:14:22 PM:DEBUG:0.0
11/23/2021 05:14:22 PM:DEBUG:1.0
11/23/2021 05:14:22 PM:DEBUG:0.1
11/25/2021 01:00:13 PM:DEBUG:SVC
11/25/2021 01:00:13 PM:DEBUG:rbf
11/25/2021 01:00:13 PM:DEBUG:3
11/25/2021 01:00:13 PM:DEBUG:scale
11/25/2021 01:00:13 PM:DEBUG:0.0
11/25/2021 01:00:13 PM:DEBUG:1.0
11/25/2021 01:00:13 PM:DEBUG:0.1
11/25/2021 07:24:41 PM:DEBUG:SVC
11/25/2021 07:24:41 PM:DEBUG:rbf
11/25/2021 07:24:41 PM:DEBUG:3
11/25/2021 07:24:41 PM:DEBUG:scale
11/25/2021 07:24:41 PM:DEBUG:0.0
11/25/2021 07:24:41 PM:DEBUG:1.0
11/25/2021 07:24:41 PM:DEBUG:0.1
12/01/2021 12:36:10 PM:DEBUG:SVC
12/01/2021 12:36:10 PM:DEBUG:rbf
12/01/2021 12:36:10 PM:DEBUG:3
12/01/2021 12:36:10 PM:DEBUG:scale
12/01/2021 12:36:10 PM:DEBUG:0.0
12/01/2021 12:36:10 PM:DEBUG:1.0
12/01/2021 12:36:10 PM:DEBUG:0.1
12/01/2021 01:37:09 PM:DEBUG:SVC
12/01/2021 01:37:09 PM:DEBUG:rbf
12/01/2021 01:37:09 PM:DEBUG:3
12/01/2021 01:37:09 PM:DEBUG:scale
12/01/2021 01:37:09 PM:DEBUG:0.0
12/01/2021 01:37:09 PM:DEBUG:1.0
12/01/2021 01:37:09 PM:DEBUG:0.1
12/01/2021 04:19:10 PM:DEBUG:SVC
12/01/2021 04:19:10 PM:DEBUG:rbf
12/01/2021 04:19:10 PM:DEBUG:3
12/01/2021 04:19:10 PM:DEBUG:scale
12/01/2021 04:19:10 PM:DEBUG:0.0
12/01/2021 04:19:10 PM:DEBUG:1.0
12/01/2021 04:19:10 PM:DEBUG:0.1
12/02/2021 10:56:42 AM:DEBUG:SVC
12/02/2021 10:56:42 AM:DEBUG:rbf
12/02/2021 10:56:42 AM:DEBUG:3
12/02/2021 10:56:42 AM:DEBUG:scale
12/02/2021 10:56:42 AM:DEBUG:0.0
12/02/2021 10:56:42 AM:DEBUG:1.0
12/02/2021 10:56:42 AM:DEBUG:0.1
12/02/2021 04:00:08 PM:DEBUG:SVC
12/02/2021 04:00:08 PM:DEBUG:rbf
12/02/2021 04:00:08 PM:DEBUG:3
12/02/2021 04:00:08 PM:DEBUG:scale
12/02/2021 04:00:08 PM:DEBUG:0.0
12/02/2021 04:00:08 PM:DEBUG:1.0
12/02/2021 04:00:08 PM:DEBUG:0.1
12/03/2021 09:23:48 AM:DEBUG:SVC
12/03/2021 09:23:48 AM:DEBUG:rbf
12/03/2021 09:23:48 AM:DEBUG:3
12/03/2021 09:23:48 AM:DEBUG:scale
12/03/2021 09:23:48 AM:DEBUG:0.0
12/03/2021 09:23:48 AM:DEBUG:1.0
12/03/2021 09:23:48 AM:DEBUG:0.1
12/03/2021 11:09:51 AM:DEBUG:SVC
12/03/2021 11:09:51 AM:DEBUG:rbf
12/03/2021 11:09:51 AM:DEBUG:3
12/03/2021 11:09:51 AM:DEBUG:scale
12/03/2021 11:09:51 AM:DEBUG:0.0
12/03/2021 11:09:51 AM:DEBUG:1.0
12/03/2021 11:09:51 AM:DEBUG:0.1
12/03/2021 03:34:54 PM:DEBUG:SVC
12/03/2021 03:34:54 PM:DEBUG:rbf
12/03/2021 03:34:54 PM:DEBUG:3
12/03/2021 03:34:54 PM:DEBUG:scale
12/03/2021 03:34:54 PM:DEBUG:0.0
12/03/2021 03:34:54 PM:DEBUG:1.0
12/03/2021 03:34:54 PM:DEBUG:0.1
12/08/2021 03:06:18 PM:DEBUG:SVC
12/08/2021 03:06:18 PM:DEBUG:rbf
12/08/2021 03:06:18 PM:DEBUG:3
12/08/2021 03:06:18 PM:DEBUG:scale
12/08/2021 03:06:18 PM:DEBUG:0.0
12/08/2021 03:06:18 PM:DEBUG:1.0
12/08/2021 03:06:18 PM:DEBUG:0.1
12/08/2021 09:53:23 PM:DEBUG:SVC
12/08/2021 09:53:23 PM:DEBUG:rbf
12/08/2021 09:53:23 PM:DEBUG:3
12/08/2021 09:53:23 PM:DEBUG:scale
12/08/2021 09:53:23 PM:DEBUG:0.0
12/08/2021 09:53:23 PM:DEBUG:1.0
12/08/2021 09:53:23 PM:DEBUG:0.1
12/09/2021 12:16:49 PM:DEBUG:SVC
12/09/2021 12:16:49 PM:DEBUG:rbf
12/09/2021 12:16:49 PM:DEBUG:3
12/09/2021 12:16:49 PM:DEBUG:scale
12/09/2021 12:16:49 PM:DEBUG:0.0
12/09/2021 12:16:49 PM:DEBUG:1.0
12/09/2021 12:16:49 PM:DEBUG:0.1
12/09/2021 12:23:58 PM:DEBUG:SVC
12/09/2021 12:23:58 PM:DEBUG:rbf
12/09/2021 12:23:58 PM:DEBUG:3
12/09/2021 12:23:58 PM:DEBUG:scale
12/09/2021 12:23:58 PM:DEBUG:0.0
12/09/2021 12:23:58 PM:DEBUG:1.0
12/09/2021 12:23:58 PM:DEBUG:0.1
12/09/2021 12:26:14 PM:DEBUG:SVC
12/09/2021 12:26:14 PM:DEBUG:rbf
12/09/2021 12:26:14 PM:DEBUG:3
12/09/2021 12:26:14 PM:DEBUG:scale
12/09/2021 12:26:14 PM:DEBUG:0.0
12/09/2021 12:26:14 PM:DEBUG:1.0
12/09/2021 12:26:14 PM:DEBUG:0.1
12/09/2021 12:27:24 PM:DEBUG:SVC
12/09/2021 12:27:24 PM:DEBUG:rbf
12/09/2021 12:27:24 PM:DEBUG:3
12/09/2021 12:27:24 PM:DEBUG:scale
12/09/2021 12:27:24 PM:DEBUG:0.0
12/09/2021 12:27:24 PM:DEBUG:1.0
12/09/2021 12:27:24 PM:DEBUG:0.1
12/09/2021 12:31:42 PM:DEBUG:SVC
12/09/2021 12:31:42 PM:DEBUG:rbf
12/09/2021 12:31:42 PM:DEBUG:3
12/09/2021 12:31:42 PM:DEBUG:scale
12/09/2021 12:31:42 PM:DEBUG:0.0
12/09/2021 12:31:42 PM:DEBUG:1.0
12/09/2021 12:31:42 PM:DEBUG:0.1
12/09/2021 03:57:09 PM:DEBUG:SVC
12/09/2021 03:57:09 PM:DEBUG:rbf
12/09/2021 03:57:09 PM:DEBUG:3
12/09/2021 03:57:09 PM:DEBUG:scale
12/09/2021 03:57:09 PM:DEBUG:0.0
12/09/2021 03:57:09 PM:DEBUG:1.0
12/09/2021 03:57:09 PM:DEBUG:0.1
12/13/2021 10:01:50 AM:DEBUG:SVC
12/13/2021 10:01:50 AM:DEBUG:rbf
12/13/2021 10:01:50 AM:DEBUG:3
12/13/2021 10:01:50 AM:DEBUG:scale
12/13/2021 10:01:50 AM:DEBUG:0.0
12/13/2021 10:01:50 AM:DEBUG:1.0
12/13/2021 10:01:50 AM:DEBUG:0.1
12/13/2021 10:02:46 AM:DEBUG:SVC
12/13/2021 10:02:46 AM:DEBUG:rbf
12/13/2021 10:02:46 AM:DEBUG:3
12/13/2021 10:02:46 AM:DEBUG:scale
12/13/2021 10:02:46 AM:DEBUG:0.0
12/13/2021 10:02:46 AM:DEBUG:1.0
12/13/2021 10:02:46 AM:DEBUG:0.1
12/13/2021 10:03:01 AM:DEBUG:SVC
12/13/2021 10:03:01 AM:DEBUG:rbf
12/13/2021 10:03:01 AM:DEBUG:3
12/13/2021 10:03:01 AM:DEBUG:scale
12/13/2021 10:03:01 AM:DEBUG:0.0
12/13/2021 10:03:01 AM:DEBUG:1.0
12/13/2021 10:03:01 AM:DEBUG:0.1
12/13/2021 10:08:48 AM:DEBUG:SVC
12/13/2021 10:08:48 AM:DEBUG:rbf
12/13/2021 10:08:48 AM:DEBUG:3
12/13/2021 10:08:48 AM:DEBUG:scale
12/13/2021 10:08:48 AM:DEBUG:0.0
12/13/2021 10:08:48 AM:DEBUG:1.0
12/13/2021 10:08:48 AM:DEBUG:0.1
12/13/2021 10:26:47 AM:DEBUG:SVC
12/13/2021 10:26:47 AM:DEBUG:rbf
12/13/2021 10:26:47 AM:DEBUG:3
12/13/2021 10:26:47 AM:DEBUG:scale
12/13/2021 10:26:47 AM:DEBUG:0.0
12/13/2021 10:26:47 AM:DEBUG:1.0
12/13/2021 10:26:47 AM:DEBUG:0.1
12/20/2021 02:30:02 PM:DEBUG:SVC
12/20/2021 02:30:02 PM:DEBUG:rbf
12/20/2021 02:30:02 PM:DEBUG:3
12/20/2021 02:30:02 PM:DEBUG:scale
12/20/2021 02:30:02 PM:DEBUG:0.0
12/20/2021 02:30:02 PM:DEBUG:1.0
12/20/2021 02:30:02 PM:DEBUG:0.1
12/28/2021 10:02:40 PM:DEBUG:SVC
12/28/2021 10:02:40 PM:DEBUG:rbf
12/28/2021 10:02:40 PM:DEBUG:3
12/28/2021 10:02:40 PM:DEBUG:scale
12/28/2021 10:02:40 PM:DEBUG:0.0
12/28/2021 10:02:40 PM:DEBUG:1.0
12/28/2021 10:02:40 PM:DEBUG:0.1
12/30/2021 02:02:15 PM:DEBUG:SVC
12/30/2021 02:02:15 PM:DEBUG:rbf
12/30/2021 02:02:15 PM:DEBUG:3
12/30/2021 02:02:15 PM:DEBUG:scale
12/30/2021 02:02:15 PM:DEBUG:0.0
12/30/2021 02:02:15 PM:DEBUG:1.0
12/30/2021 02:02:15 PM:DEBUG:0.1
12/31/2021 12:07:36 PM:DEBUG:SVC
12/31/2021 12:07:36 PM:DEBUG:rbf
12/31/2021 12:07:36 PM:DEBUG:3
12/31/2021 12:07:36 PM:DEBUG:scale
12/31/2021 12:07:36 PM:DEBUG:0.0
12/31/2021 12:07:36 PM:DEBUG:1.0
12/31/2021 12:07:36 PM:DEBUG:0.1
01/11/2022 10:38:19 AM:DEBUG:SVC
01/11/2022 10:38:19 AM:DEBUG:rbf
01/11/2022 10:38:19 AM:DEBUG:3
01/11/2022 10:38:19 AM:DEBUG:scale
01/11/2022 10:38:19 AM:DEBUG:0.0
01/11/2022 10:38:19 AM:DEBUG:1.0
01/11/2022 10:38:19 AM:DEBUG:0.1
01/20/2022 03:46:14 PM:DEBUG:SVC
01/20/2022 03:46:14 PM:DEBUG:rbf
01/20/2022 03:46:14 PM:DEBUG:3
01/20/2022 03:46:14 PM:DEBUG:scale
01/20/2022 03:46:14 PM:DEBUG:0.0
01/20/2022 03:46:14 PM:DEBUG:1.0
01/20/2022 03:46:14 PM:DEBUG:0.1
01/21/2022 05:02:36 PM:DEBUG:SVC
01/21/2022 05:02:36 PM:DEBUG:rbf
01/21/2022 05:02:36 PM:DEBUG:3
01/21/2022 05:02:36 PM:DEBUG:scale
01/21/2022 05:02:36 PM:DEBUG:0.0
01/21/2022 05:02:36 PM:DEBUG:1.0
01/21/2022 05:02:36 PM:DEBUG:0.1
02/24/2022 01:02:35 PM:DEBUG:SVC
02/24/2022 01:02:35 PM:DEBUG:rbf
02/24/2022 01:02:35 PM:DEBUG:3
02/24/2022 01:02:35 PM:DEBUG:scale
02/24/2022 01:02:35 PM:DEBUG:0.0
02/24/2022 01:02:35 PM:DEBUG:1.0
02/24/2022 01:02:35 PM:DEBUG:0.1
03/22/2022 09:20:28 PM:DEBUG:SVC
03/22/2022 09:20:28 PM:DEBUG:rbf
03/22/2022 09:20:28 PM:DEBUG:3
03/22/2022 09:20:28 PM:DEBUG:scale
03/22/2022 09:20:28 PM:DEBUG:0.0
03/22/2022 09:20:28 PM:DEBUG:1.0
03/22/2022 09:20:28 PM:DEBUG:0.1
03/28/2022 06:35:48 PM:DEBUG:SVC
03/28/2022 06:35:48 PM:DEBUG:rbf
03/28/2022 06:35:48 PM:DEBUG:3
03/28/2022 06:35:48 PM:DEBUG:scale
03/28/2022 06:35:48 PM:DEBUG:0.0
03/28/2022 06:35:48 PM:DEBUG:1.0
03/28/2022 06:35:48 PM:DEBUG:0.1
08/17/2022 04:39:56 PM:DEBUG:SVC
08/17/2022 04:39:56 PM:DEBUG:rbf
08/17/2022 04:39:56 PM:DEBUG:3
08/17/2022 04:39:56 PM:DEBUG:scale
08/17/2022 04:39:56 PM:DEBUG:0.0
08/17/2022 04:39:56 PM:DEBUG:1.0
08/17/2022 04:39:56 PM:DEBUG:0.1
08/19/2022 09:55:01 AM:DEBUG:SVC
08/19/2022 09:55:01 AM:DEBUG:rbf
08/19/2022 09:55:01 AM:DEBUG:3
08/19/2022 09:55:01 AM:DEBUG:scale
08/19/2022 09:55:01 AM:DEBUG:0.0
08/19/2022 09:55:01 AM:DEBUG:1.0
08/19/2022 09:55:01 AM:DEBUG:0.1
08/19/2022 01:00:28 PM:DEBUG:SVC
08/19/2022 01:00:28 PM:DEBUG:rbf
08/19/2022 01:00:28 PM:DEBUG:3
08/19/2022 01:00:28 PM:DEBUG:scale
08/19/2022 01:00:28 PM:DEBUG:0.0
08/19/2022 01:00:28 PM:DEBUG:1.0
08/19/2022 01:00:28 PM:DEBUG:0.1
08/19/2022 01:19:34 PM:DEBUG:SVC
08/19/2022 01:19:34 PM:DEBUG:rbf
08/19/2022 01:19:34 PM:DEBUG:3
08/19/2022 01:19:34 PM:DEBUG:scale
08/19/2022 01:19:34 PM:DEBUG:0.0
08/19/2022 01:19:34 PM:DEBUG:1.0
08/19/2022 01:19:34 PM:DEBUG:0.1
08/19/2022 02:35:27 PM:DEBUG:SVC
08/19/2022 02:35:27 PM:DEBUG:rbf
08/19/2022 02:35:27 PM:DEBUG:3
08/19/2022 02:35:27 PM:DEBUG:scale
08/19/2022 02:35:27 PM:DEBUG:0.0
08/19/2022 02:35:27 PM:DEBUG:1.0
08/19/2022 02:35:27 PM:DEBUG:0.1
08/23/2022 10:52:48 AM:DEBUG:SVC
08/23/2022 10:52:48 AM:DEBUG:rbf
08/23/2022 10:52:48 AM:DEBUG:3
08/23/2022 10:52:48 AM:DEBUG:scale
08/23/2022 10:52:48 AM:DEBUG:0.0
08/23/2022 10:52:48 AM:DEBUG:1.0
08/23/2022 10:52:48 AM:DEBUG:0.1
08/23/2022 11:40:47 AM:DEBUG:SVC
08/23/2022 11:40:47 AM:DEBUG:rbf
08/23/2022 11:40:47 AM:DEBUG:3
08/23/2022 11:40:47 AM:DEBUG:scale
08/23/2022 11:40:47 AM:DEBUG:0.0
08/23/2022 11:40:47 AM:DEBUG:1.0
08/23/2022 11:40:47 AM:DEBUG:0.1
09/06/2022 10:57:19 AM:DEBUG:SVC
09/06/2022 10:57:19 AM:DEBUG:rbf
09/06/2022 10:57:19 AM:DEBUG:3
09/06/2022 10:57:19 AM:DEBUG:scale
09/06/2022 10:57:19 AM:DEBUG:0.0
09/06/2022 10:57:19 AM:DEBUG:1.0
09/06/2022 10:57:19 AM:DEBUG:0.1
09/06/2022 01:38:37 PM:DEBUG:SVC
09/06/2022 01:38:37 PM:DEBUG:rbf
09/06/2022 01:38:37 PM:DEBUG:3
09/06/2022 01:38:37 PM:DEBUG:scale
09/06/2022 01:38:37 PM:DEBUG:0.0
09/06/2022 01:38:37 PM:DEBUG:1.0
09/06/2022 01:38:37 PM:DEBUG:0.1
09/06/2022 03:54:14 PM:DEBUG:SVC
09/06/2022 03:54:14 PM:DEBUG:rbf
09/06/2022 03:54:14 PM:DEBUG:3
09/06/2022 03:54:14 PM:DEBUG:scale
09/06/2022 03:54:14 PM:DEBUG:0.0
09/06/2022 03:54:14 PM:DEBUG:1.0
09/06/2022 03:54:14 PM:DEBUG:0.1
09/06/2022 04:12:54 PM:DEBUG:SVC
09/06/2022 04:12:54 PM:DEBUG:rbf
09/06/2022 04:12:54 PM:DEBUG:3
09/06/2022 04:12:54 PM:DEBUG:scale
09/06/2022 04:12:54 PM:DEBUG:0.0
09/06/2022 04:12:54 PM:DEBUG:1.0
09/06/2022 04:12:54 PM:DEBUG:0.1
09/06/2022 04:23:37 PM:DEBUG:SVC
09/06/2022 04:23:37 PM:DEBUG:rbf
09/06/2022 04:23:37 PM:DEBUG:3
09/06/2022 04:23:37 PM:DEBUG:scale
09/06/2022 04:23:37 PM:DEBUG:0.0
09/06/2022 04:23:37 PM:DEBUG:1.0
09/06/2022 04:23:37 PM:DEBUG:0.1
09/06/2022 04:30:46 PM:DEBUG:SVC
09/06/2022 04:30:46 PM:DEBUG:rbf
09/06/2022 04:30:46 PM:DEBUG:3
09/06/2022 04:30:46 PM:DEBUG:scale
09/06/2022 04:30:46 PM:DEBUG:0.0
09/06/2022 04:30:46 PM:DEBUG:1.0
09/06/2022 04:30:46 PM:DEBUG:0.1
09/06/2022 04:43:35 PM:DEBUG:SVC
09/06/2022 04:43:35 PM:DEBUG:rbf
09/06/2022 04:43:35 PM:DEBUG:3
09/06/2022 04:43:35 PM:DEBUG:scale
09/06/2022 04:43:35 PM:DEBUG:0.0
09/06/2022 04:43:35 PM:DEBUG:1.0
09/06/2022 04:43:35 PM:DEBUG:0.1
09/14/2022 02:00:49 PM:DEBUG:SVC
09/14/2022 02:00:49 PM:DEBUG:rbf
09/14/2022 02:00:49 PM:DEBUG:3
09/14/2022 02:00:49 PM:DEBUG:scale
09/14/2022 02:00:49 PM:DEBUG:0.0
09/14/2022 02:00:49 PM:DEBUG:1.0
09/14/2022 02:00:49 PM:DEBUG:0.1
09/15/2022 01:01:39 PM:DEBUG:SVC
09/15/2022 01:01:39 PM:DEBUG:rbf
09/15/2022 01:01:39 PM:DEBUG:3
09/15/2022 01:01:39 PM:DEBUG:scale
09/15/2022 01:01:39 PM:DEBUG:0.0
09/15/2022 01:01:39 PM:DEBUG:1.0
09/15/2022 01:01:39 PM:DEBUG:0.1
09/15/2022 01:08:27 PM:DEBUG:SVC
09/15/2022 01:08:27 PM:DEBUG:rbf
09/15/2022 01:08:27 PM:DEBUG:3
09/15/2022 01:08:27 PM:DEBUG:scale
09/15/2022 01:08:27 PM:DEBUG:0.0
09/15/2022 01:08:27 PM:DEBUG:1.0
09/15/2022 01:08:27 PM:DEBUG:0.1
09/15/2022 02:44:11 PM:DEBUG:SVC
09/15/2022 02:44:11 PM:DEBUG:rbf
09/15/2022 02:44:11 PM:DEBUG:3
09/15/2022 02:44:11 PM:DEBUG:scale
09/15/2022 02:44:11 PM:DEBUG:0.0
09/15/2022 02:44:11 PM:DEBUG:1.0
09/15/2022 02:44:11 PM:DEBUG:0.1
09/15/2022 03:15:58 PM:DEBUG:SVC
09/15/2022 03:15:58 PM:DEBUG:rbf
09/15/2022 03:15:58 PM:DEBUG:3
09/15/2022 03:15:58 PM:DEBUG:scale
09/15/2022 03:15:58 PM:DEBUG:0.0
09/15/2022 03:15:58 PM:DEBUG:1.0
09/15/2022 03:15:58 PM:DEBUG:0.1
09/15/2022 04:05:00 PM:DEBUG:SVC
09/15/2022 04:05:00 PM:DEBUG:rbf
09/15/2022 04:05:00 PM:DEBUG:3
09/15/2022 04:05:00 PM:DEBUG:scale
09/15/2022 04:05:00 PM:DEBUG:0.0
09/15/2022 04:05:00 PM:DEBUG:1.0
09/15/2022 04:05:00 PM:DEBUG:0.1
09/16/2022 02:58:30 PM:DEBUG:SVC
09/16/2022 02:58:30 PM:DEBUG:rbf
09/16/2022 02:58:30 PM:DEBUG:3
09/16/2022 02:58:30 PM:DEBUG:scale
09/16/2022 02:58:30 PM:DEBUG:0.0
09/16/2022 02:58:30 PM:DEBUG:1.0
09/16/2022 02:58:30 PM:DEBUG:0.1
09/20/2022 02:12:17 PM:DEBUG:SVC
09/20/2022 02:12:17 PM:DEBUG:rbf
09/20/2022 02:12:17 PM:DEBUG:3
09/20/2022 02:12:17 PM:DEBUG:scale
09/20/2022 02:12:17 PM:DEBUG:0.0
09/20/2022 02:12:17 PM:DEBUG:1.0
09/20/2022 02:12:17 PM:DEBUG:0.1
09/23/2022 04:07:13 PM:DEBUG:SVC
09/23/2022 04:07:13 PM:DEBUG:rbf
09/23/2022 04:07:13 PM:DEBUG:3
09/23/2022 04:07:13 PM:DEBUG:scale
09/23/2022 04:07:13 PM:DEBUG:0.0
09/23/2022 04:07:13 PM:DEBUG:1.0
09/23/2022 04:07:13 PM:DEBUG:0.1
09/26/2022 10:29:13 AM:DEBUG:SVC
09/26/2022 10:29:13 AM:DEBUG:rbf
09/26/2022 10:29:13 AM:DEBUG:3
09/26/2022 10:29:13 AM:DEBUG:scale
09/26/2022 10:29:13 AM:DEBUG:0.0
09/26/2022 10:29:13 AM:DEBUG:1.0
09/26/2022 10:29:13 AM:DEBUG:0.1
10/04/2022 04:37:41 PM:DEBUG:SVC
10/04/2022 04:37:41 PM:DEBUG:rbf
10/04/2022 04:37:41 PM:DEBUG:3
10/04/2022 04:37:41 PM:DEBUG:scale
10/04/2022 04:37:41 PM:DEBUG:0.0
10/04/2022 04:37:41 PM:DEBUG:1.0
10/04/2022 04:37:41 PM:DEBUG:0.1
10/04/2022 08:08:26 PM:DEBUG:SVC
10/04/2022 08:08:26 PM:DEBUG:rbf
10/04/2022 08:08:26 PM:DEBUG:3
10/04/2022 08:08:26 PM:DEBUG:scale
10/04/2022 08:08:26 PM:DEBUG:0.0
10/04/2022 08:08:26 PM:DEBUG:1.0
10/04/2022 08:08:26 PM:DEBUG:0.1
10/05/2022 02:27:43 PM:DEBUG:SVC
10/05/2022 02:27:43 PM:DEBUG:rbf
10/05/2022 02:27:43 PM:DEBUG:3
10/05/2022 02:27:43 PM:DEBUG:scale
10/05/2022 02:27:43 PM:DEBUG:0.0
10/05/2022 02:27:43 PM:DEBUG:1.0
10/05/2022 02:27:43 PM:DEBUG:0.1
10/07/2022 12:04:08 PM:DEBUG:SVC
10/07/2022 12:04:08 PM:DEBUG:rbf
10/07/2022 12:04:08 PM:DEBUG:3
10/07/2022 12:04:08 PM:DEBUG:scale
10/07/2022 12:04:08 PM:DEBUG:0.0
10/07/2022 12:04:08 PM:DEBUG:1.0
10/07/2022 12:04:08 PM:DEBUG:0.1
